<?xml version="1.0" encoding="UTF-8"?>
<coverage generated="1567054506386" clover="3.2.0">
  <project timestamp="1567054506386" name="All files">
    <metrics statements="37" coveredstatements="24" conditionals="8" coveredconditionals="1" methods="12" coveredmethods="6" elements="57" coveredelements="31" complexity="0" loc="37" ncloc="37" packages="1" files="3" classes="3"/>
    <file name="App.jsx" path="/Users/ryanzhong/Documents/HRSF122/Related_Items/client/src/components/App.jsx">
      <metrics statements="25" coveredstatements="14" conditionals="8" coveredconditionals="1" methods="8" coveredmethods="4"/>
      <line num="6" count="1" type="stmt"/>
      <line num="16" count="1" type="stmt"/>
      <line num="23" count="1" type="stmt"/>
      <line num="24" count="1" type="stmt"/>
      <line num="32" count="1" type="stmt"/>
      <line num="33" count="1" type="stmt"/>
      <line num="39" count="1" type="stmt"/>
      <line num="43" count="1" type="stmt"/>
      <line num="44" count="0" type="stmt"/>
      <line num="45" count="0" type="stmt"/>
      <line num="54" count="0" type="stmt"/>
      <line num="55" count="0" type="stmt"/>
      <line num="56" count="0" type="cond" truecount="0" falsecount="4"/>
      <line num="57" count="0" type="stmt"/>
      <line num="65" count="0" type="stmt"/>
      <line num="66" count="0" type="stmt"/>
      <line num="67" count="0" type="cond" truecount="0" falsecount="2"/>
      <line num="68" count="0" type="stmt"/>
      <line num="77" count="1" type="stmt"/>
      <line num="78" count="1" type="stmt"/>
      <line num="79" count="1" type="stmt"/>
      <line num="80" count="1" type="stmt"/>
      <line num="81" count="1" type="cond" truecount="1" falsecount="1"/>
      <line num="82" count="0" type="stmt"/>
      <line num="96" count="1" type="stmt"/>
    </file>
    <file name="relatedListings.jsx" path="/Users/ryanzhong/Documents/HRSF122/Related_Items/client/src/components/relatedListings.jsx">
      <metrics statements="9" coveredstatements="9" conditionals="0" coveredconditionals="0" methods="2" coveredmethods="2"/>
      <line num="6" count="3" type="stmt"/>
      <line num="19" count="3" type="stmt"/>
      <line num="31" count="3" type="stmt"/>
      <line num="42" count="3" type="stmt"/>
      <line num="43" count="2" type="stmt"/>
      <line num="45" count="2" type="stmt"/>
      <line num="70" count="2" type="stmt"/>
      <line num="71" count="1" type="stmt"/>
      <line num="76" count="3" type="stmt"/>
    </file>
    <file name="relatedListingsEntry.jsx" path="/Users/ryanzhong/Documents/HRSF122/Related_Items/client/src/components/relatedListingsEntry.jsx">
      <metrics statements="3" coveredstatements="1" conditionals="0" coveredconditionals="0" methods="2" coveredmethods="0"/>
      <line num="5" count="3" type="stmt"/>
      <line num="16" count="0" type="stmt"/>
      <line num="20" count="0" type="stmt"/>
    </file>
  </project>
</coverage>
