{"/Users/ryanzhong/Documents/HRSF122/Related_Items/client/src/components/App.jsx": {"path":"/Users/ryanzhong/Documents/HRSF122/Related_Items/client/src/components/App.jsx","statementMap":{"0":{"start":{"line":6,"column":17},"end":{"line":14,"column":1}},"1":{"start":{"line":16,"column":22},"end":{"line":19,"column":2}},"2":{"start":{"line":23,"column":8},"end":{"line":23,"column":21}},"3":{"start":{"line":24,"column":8},"end":{"line":30,"column":9}},"4":{"start":{"line":32,"column":8},"end":{"line":32,"column":51}},"5":{"start":{"line":33,"column":8},"end":{"line":33,"column":53}},"6":{"start":{"line":39,"column":8},"end":{"line":39,"column":23}},"7":{"start":{"line":43,"column":8},"end":{"line":45,"column":69}},"8":{"start":{"line":44,"column":24},"end":{"line":44,"column":32}},"9":{"start":{"line":45,"column":27},"end":{"line":45,"column":67}},"10":{"start":{"line":54,"column":20},"end":{"line":54,"column":36}},"11":{"start":{"line":55,"column":21},"end":{"line":55,"column":38}},"12":{"start":{"line":56,"column":8},"end":{"line":61,"column":9}},"13":{"start":{"line":57,"column":10},"end":{"line":60,"column":13}},"14":{"start":{"line":65,"column":20},"end":{"line":65,"column":36}},"15":{"start":{"line":66,"column":21},"end":{"line":66,"column":38}},"16":{"start":{"line":67,"column":8},"end":{"line":72,"column":9}},"17":{"start":{"line":68,"column":10},"end":{"line":71,"column":13}},"18":{"start":{"line":77,"column":25},"end":{"line":77,"column":41}},"19":{"start":{"line":78,"column":26},"end":{"line":78,"column":43}},"20":{"start":{"line":79,"column":27},"end":{"line":79,"column":39}},"21":{"start":{"line":80,"column":27},"end":{"line":80,"column":40}},"22":{"start":{"line":81,"column":8},"end":{"line":95,"column":9}},"23":{"start":{"line":82,"column":12},"end":{"line":94,"column":13}},"24":{"start":{"line":96,"column":8},"end":{"line":100,"column":9}}},"fnMap":{"0":{"name":"(anonymous_0)","decl":{"start":{"line":22,"column":4},"end":{"line":22,"column":5}},"loc":{"start":{"line":22,"column":23},"end":{"line":34,"column":5}},"line":22},"1":{"name":"(anonymous_1)","decl":{"start":{"line":38,"column":4},"end":{"line":38,"column":5}},"loc":{"start":{"line":38,"column":24},"end":{"line":40,"column":5}},"line":38},"2":{"name":"(anonymous_2)","decl":{"start":{"line":42,"column":4},"end":{"line":42,"column":5}},"loc":{"start":{"line":42,"column":14},"end":{"line":51,"column":5}},"line":42},"3":{"name":"(anonymous_3)","decl":{"start":{"line":44,"column":15},"end":{"line":44,"column":16}},"loc":{"start":{"line":44,"column":24},"end":{"line":44,"column":32}},"line":44},"4":{"name":"(anonymous_4)","decl":{"start":{"line":45,"column":15},"end":{"line":45,"column":16}},"loc":{"start":{"line":45,"column":27},"end":{"line":45,"column":67}},"line":45},"5":{"name":"(anonymous_5)","decl":{"start":{"line":53,"column":4},"end":{"line":53,"column":5}},"loc":{"start":{"line":53,"column":16},"end":{"line":62,"column":5}},"line":53},"6":{"name":"(anonymous_6)","decl":{"start":{"line":64,"column":4},"end":{"line":64,"column":5}},"loc":{"start":{"line":64,"column":17},"end":{"line":73,"column":5}},"line":64},"7":{"name":"(anonymous_7)","decl":{"start":{"line":76,"column":4},"end":{"line":76,"column":5}},"loc":{"start":{"line":76,"column":13},"end":{"line":101,"column":5}},"line":76}},"branchMap":{"0":{"loc":{"start":{"line":56,"column":8},"end":{"line":61,"column":9}},"type":"if","locations":[{"start":{"line":56,"column":8},"end":{"line":61,"column":9}},{"start":{"line":56,"column":8},"end":{"line":61,"column":9}}],"line":56},"1":{"loc":{"start":{"line":56,"column":12},"end":{"line":56,"column":35}},"type":"binary-expr","locations":[{"start":{"line":56,"column":12},"end":{"line":56,"column":21}},{"start":{"line":56,"column":25},"end":{"line":56,"column":35}}],"line":56},"2":{"loc":{"start":{"line":67,"column":8},"end":{"line":72,"column":9}},"type":"if","locations":[{"start":{"line":67,"column":8},"end":{"line":72,"column":9}},{"start":{"line":67,"column":8},"end":{"line":72,"column":9}}],"line":67},"3":{"loc":{"start":{"line":81,"column":8},"end":{"line":95,"column":9}},"type":"if","locations":[{"start":{"line":81,"column":8},"end":{"line":95,"column":9}},{"start":{"line":81,"column":8},"end":{"line":95,"column":9}}],"line":81}},"s":{"0":1,"1":1,"2":1,"3":1,"4":1,"5":1,"6":1,"7":1,"8":0,"9":0,"10":0,"11":0,"12":0,"13":0,"14":0,"15":0,"16":0,"17":0,"18":1,"19":1,"20":1,"21":1,"22":1,"23":0,"24":1},"f":{"0":1,"1":1,"2":1,"3":0,"4":0,"5":0,"6":0,"7":1},"b":{"0":[0,0],"1":[0,0],"2":[0,0],"3":[0,1]},"_coverageSchema":"43e27e138ebf9cfc5966b082cf9a028302ed4184","hash":"179ed76e86919b2a66cd2ae94837d4329fcb815e"}
,"/Users/ryanzhong/Documents/HRSF122/Related_Items/client/src/components/relatedListings.jsx": {"path":"/Users/ryanzhong/Documents/HRSF122/Related_Items/client/src/components/relatedListings.jsx","statementMap":{"0":{"start":{"line":6,"column":19},"end":{"line":17,"column":1}},"1":{"start":{"line":19,"column":18},"end":{"line":30,"column":1}},"2":{"start":{"line":31,"column":21},"end":{"line":39,"column":1}},"3":{"start":{"line":42,"column":24},"end":{"line":82,"column":1}},"4":{"start":{"line":43,"column":26},"end":{"line":43,"column":28}},"5":{"start":{"line":45,"column":23},"end":{"line":59,"column":1}},"6":{"start":{"line":70,"column":19},"end":{"line":70,"column":66}},"7":{"start":{"line":71,"column":4},"end":{"line":81,"column":5}},"8":{"start":{"line":76,"column":20},"end":{"line":76,"column":85}}},"fnMap":{"0":{"name":"(anonymous_0)","decl":{"start":{"line":42,"column":24},"end":{"line":42,"column":25}},"loc":{"start":{"line":42,"column":35},"end":{"line":82,"column":1}},"line":42},"1":{"name":"(anonymous_1)","decl":{"start":{"line":75,"column":31},"end":{"line":75,"column":32}},"loc":{"start":{"line":75,"column":44},"end":{"line":77,"column":17}},"line":75}},"branchMap":{},"s":{"0":3,"1":3,"2":3,"3":3,"4":2,"5":2,"6":2,"7":1,"8":3},"f":{"0":2,"1":3},"b":{},"_coverageSchema":"43e27e138ebf9cfc5966b082cf9a028302ed4184","hash":"7d5bf47a0449332971fbc660717866e7627452b2"}
,"/Users/ryanzhong/Documents/HRSF122/Related_Items/client/src/components/relatedListingsEntry.jsx": {"path":"/Users/ryanzhong/Documents/HRSF122/Related_Items/client/src/components/relatedListingsEntry.jsx","statementMap":{"0":{"start":{"line":5,"column":17},"end":{"line":12,"column":1}},"1":{"start":{"line":16,"column":8},"end":{"line":16,"column":21}},"2":{"start":{"line":20,"column":9},"end":{"line":28,"column":10}}},"fnMap":{"0":{"name":"(anonymous_0)","decl":{"start":{"line":15,"column":4},"end":{"line":15,"column":5}},"loc":{"start":{"line":15,"column":23},"end":{"line":17,"column":5}},"line":15},"1":{"name":"(anonymous_1)","decl":{"start":{"line":19,"column":4},"end":{"line":19,"column":5}},"loc":{"start":{"line":19,"column":13},"end":{"line":29,"column":6}},"line":19}},"branchMap":{},"s":{"0":3,"1":0,"2":0},"f":{"0":0,"1":0},"b":{},"_coverageSchema":"43e27e138ebf9cfc5966b082cf9a028302ed4184","hash":"9cdf333b5234867715474f0841078508e0c08963"}
}
