TN:
SF:/Users/ryanzhong/Documents/HRSF122/Related_Items/client/src/components/App.jsx
FN:22,(anonymous_0)
FN:38,(anonymous_1)
FN:42,(anonymous_2)
FN:44,(anonymous_3)
FN:45,(anonymous_4)
FN:53,(anonymous_5)
FN:64,(anonymous_6)
FN:76,(anonymous_7)
FNF:8
FNH:4
FNDA:1,(anonymous_0)
FNDA:1,(anonymous_1)
FNDA:1,(anonymous_2)
FNDA:0,(anonymous_3)
FNDA:0,(anonymous_4)
FNDA:0,(anonymous_5)
FNDA:0,(anonymous_6)
FNDA:1,(anonymous_7)
DA:6,1
DA:16,1
DA:23,1
DA:24,1
DA:32,1
DA:33,1
DA:39,1
DA:43,1
DA:44,0
DA:45,0
DA:54,0
DA:55,0
DA:56,0
DA:57,0
DA:65,0
DA:66,0
DA:67,0
DA:68,0
DA:77,1
DA:78,1
DA:79,1
DA:80,1
DA:81,1
DA:82,0
DA:96,1
LF:25
LH:14
BRDA:56,0,0,0
BRDA:56,0,1,0
BRDA:56,1,0,0
BRDA:56,1,1,0
BRDA:67,2,0,0
BRDA:67,2,1,0
BRDA:81,3,0,0
BRDA:81,3,1,1
BRF:8
BRH:1
end_of_record
TN:
SF:/Users/ryanzhong/Documents/HRSF122/Related_Items/client/src/components/relatedListings.jsx
FN:42,(anonymous_0)
FN:75,(anonymous_1)
FNF:2
FNH:2
FNDA:2,(anonymous_0)
FNDA:3,(anonymous_1)
DA:6,3
DA:19,3
DA:31,3
DA:42,3
DA:43,2
DA:45,2
DA:70,2
DA:71,1
DA:76,3
LF:9
LH:9
BRF:0
BRH:0
end_of_record
TN:
SF:/Users/ryanzhong/Documents/HRSF122/Related_Items/client/src/components/relatedListingsEntry.jsx
FN:15,(anonymous_0)
FN:19,(anonymous_1)
FNF:2
FNH:0
FNDA:0,(anonymous_0)
FNDA:0,(anonymous_1)
DA:5,3
DA:16,0
DA:20,0
LF:3
LH:1
BRF:0
BRH:0
end_of_record
